<?xml version="1.0" encoding="UTF-8"?>
<!-- Generated by org.testng.reporters.JUnitXMLReporter -->
<testsuite ignored="8" hostname="PIT0901" failures="1" tests="1" name="Default test" time="0.437" errors="0" timestamp="2022-06-26T21:26:56 SAST">
  <testcase classname="testDemoWebShop.Tests" name="GIVEN_UseronLandingPage_WHEN_UserAddsItemsToCompareList_THEN_UserCanCompareProducts2" time="0.0">
    <failure type="org.testng.TestNGException" message="
Method public void testDemoWebShop.Tests.GIVEN_UseronLandingPage_WHEN_UserAddsItemsToCompareList_THEN_UserCanCompareProducts2(java.lang.String,java.lang.String,java.lang.String,java.lang.String,java.lang.String) throws java.lang.InterruptedException requires a @DataProvider named : Product List &amp;amp; Price">
      <![CDATA[org.testng.TestNGException: 
Method public void testDemoWebShop.Tests.GIVEN_UseronLandingPage_WHEN_UserAddsItemsToCompareList_THEN_UserCanCompareProducts2(java.lang.String,java.lang.String,java.lang.String,java.lang.String,java.lang.String) throws java.lang.InterruptedException requires a @DataProvider named : Product List & Price
at org.testng.internal.Parameters.findDataProvider(Parameters.java:516)
at org.testng.internal.Parameters.handleParameters(Parameters.java:739)
at org.testng.internal.Parameters.handleParameters(Parameters.java:704)
at org.testng.internal.invokers.ParameterHandler.handleParameters(ParameterHandler.java:70)
at org.testng.internal.invokers.ParameterHandler.createParameters(ParameterHandler.java:49)
at org.testng.internal.invokers.TestInvoker$MethodInvocationAgent.invoke(TestInvoker.java:904)
at org.testng.internal.invokers.TestInvoker.invokeTestMethods(TestInvoker.java:193)
at org.testng.internal.invokers.TestMethodWorker.invokeTestMethods(TestMethodWorker.java:146)
at org.testng.internal.invokers.TestMethodWorker.run(TestMethodWorker.java:128)
at java.base/java.util.ArrayList.forEach(ArrayList.java:1511)
at org.testng.TestRunner.privateRun(TestRunner.java:808)
at org.testng.TestRunner.run(TestRunner.java:603)
at org.testng.SuiteRunner.runTest(SuiteRunner.java:429)
at org.testng.SuiteRunner.runSequentially(SuiteRunner.java:423)
at org.testng.SuiteRunner.privateRun(SuiteRunner.java:383)
at org.testng.SuiteRunner.run(SuiteRunner.java:326)
at org.testng.SuiteRunnerWorker.runSuite(SuiteRunnerWorker.java:52)
at org.testng.SuiteRunnerWorker.run(SuiteRunnerWorker.java:95)
at org.testng.TestNG.runSuitesSequentially(TestNG.java:1249)
at org.testng.TestNG.runSuitesLocally(TestNG.java:1169)
at org.testng.TestNG.runSuites(TestNG.java:1092)
at org.testng.TestNG.run(TestNG.java:1060)
at org.testng.remote.AbstractRemoteTestNG.run(AbstractRemoteTestNG.java:115)
at org.testng.remote.RemoteTestNG.initAndRun(RemoteTestNG.java:251)
at org.testng.remote.RemoteTestNG.main(RemoteTestNG.java:77)
]]>
    </failure>
  </testcase> <!-- GIVEN_UseronLandingPage_WHEN_UserAddsItemsToCompareList_THEN_UserCanCompareProducts2 -->
  <testcase classname="testDemoWebShop.Tests" name="GIVEN_TheUserIsOnTheLandingPage_WHEN_TheUserClicksFromTheCategoriesList_THEN_TheUserWillBeDirectedToProductList" time="0.0">
    <ignored/>
  </testcase> <!-- GIVEN_TheUserIsOnTheLandingPage_WHEN_TheUserClicksFromTheCategoriesList_THEN_TheUserWillBeDirectedToProductList -->
  <testcase classname="testDemoWebShop.Tests" name="GIVEN_UserIsOnLandingPage_When_UserClicksComputerCategory_AND_UserClicksDesktops_THEN_UserWillBeDirectedToDesktopProducts" time="0.0">
    <ignored/>
  </testcase> <!-- GIVEN_UserIsOnLandingPage_When_UserClicksComputerCategory_AND_UserClicksDesktops_THEN_UserWillBeDirectedToDesktopProducts -->
  <testcase classname="testDemoWebShop.Tests" name="GIVEN_UserOnProductListPage_WHEN_UserClicksFirstItem_AND_UserAddsItemToCart_THEN_ItemIsAddedToCart" time="0.0">
    <ignored/>
  </testcase> <!-- GIVEN_UserOnProductListPage_WHEN_UserClicksFirstItem_AND_UserAddsItemToCart_THEN_ItemIsAddedToCart -->
  <testcase classname="testDemoWebShop.Tests" name="GIVEN_UserOnShippingPage_WHEN_UserUpdatesShippingDetails_THEN_UserIsAbleToEstimateShipping" time="0.0">
    <ignored/>
  </testcase> <!-- GIVEN_UserOnShippingPage_WHEN_UserUpdatesShippingDetails_THEN_UserIsAbleToEstimateShipping -->
  <testcase classname="testDemoWebShop.Tests" name="GIVEN_The_UserOnDesktopPage_WHEN_TheUserClicksFirstItem_THEN_TheUserDirectedToProductDetailPage_AND_TheUserClicksAddToCart_AND_TheUserNavigatestoCart_THEN_TheCartQty1" time="0.0">
    <ignored/>
  </testcase> <!-- GIVEN_The_UserOnDesktopPage_WHEN_TheUserClicksFirstItem_THEN_TheUserDirectedToProductDetailPage_AND_TheUserClicksAddToCart_AND_TheUserNavigatestoCart_THEN_TheCartQty1 -->
  <testcase classname="testDemoWebShop.Tests" name="GIVEN_UseronLandingPage_WHEN_UserAddsItemsToCompareList_THEN_UserCanCompareProducts" time="0.0">
    <ignored/>
  </testcase> <!-- GIVEN_UseronLandingPage_WHEN_UserAddsItemsToCompareList_THEN_UserCanCompareProducts -->
  <testcase classname="testDemoWebShop.Tests" name="GIVEN_UserOnCartPage_WHEN_UserSelectsItemToRemove_AND_UserUpdatesShoppingCart_THEN_TheItemWillBeRemoved" time="0.0">
    <ignored/>
  </testcase> <!-- GIVEN_UserOnCartPage_WHEN_UserSelectsItemToRemove_AND_UserUpdatesShoppingCart_THEN_TheItemWillBeRemoved -->
  <testcase classname="testDemoWebShop.Tests" name="GIVEN_TheUserOnCartPage_WHEN_UserClicksOnQty_THEN_UserIsAbleToUpdateQty" time="0.0">
    <ignored/>
  </testcase> <!-- GIVEN_TheUserOnCartPage_WHEN_UserClicksOnQty_THEN_UserIsAbleToUpdateQty -->
</testsuite> <!-- Default test -->
